<?xml version="1.0" encoding="UTF-8"?>
<!-- Generated by org.testng.reporters.JUnitReportReporter -->
<testsuite skipped="0" hostname="MAVBCP27" name="com.ether.runner.CucumberTestRunner" tests="1" failures="0" timestamp="01 Jun 2020 16:58:15 GMT" time="29.883" errors="0">
  <testcase name="feature" time="29.883" classname="com.ether.runner.CucumberTestRunner"/>
</testsuite> <!-- com.ether.runner.CucumberTestRunner -->
